{"D:\\UCC2\\integracion_continua\\src\\App.tsx": {"path":"D:\\UCC2\\integracion_continua\\src\\App.tsx","statementMap":{"0":{"start":{"line":1,"column":0},"end":{"line":1,"column":49}},"1":{"start":{"line":2,"column":0},"end":{"line":2,"column":43}},"2":{"start":{"line":5,"column":2},"end":{"line":9,"column":4}},"3":{"start":{"line":12,"column":0},"end":{"line":12,"column":19}}},"fnMap":{"0":{"name":"App","decl":{"start":{"line":4,"column":9},"end":{"line":4,"column":12}},"loc":{"start":{"line":4,"column":12},"end":{"line":10,"column":1}}}},"branchMap":{},"s":{"0":1,"1":1,"2":1,"3":1},"f":{"0":1},"b":{}}
,"D:\\UCC2\\integracion_continua\\src\\components\\CesiumGlobe.tsx": {"path":"D:\\UCC2\\integracion_continua\\src\\components\\CesiumGlobe.tsx","statementMap":{"0":{"start":{"line":9,"column":0},"end":{"line":9,"column":24}},"1":{"start":{"line":1,"column":0},"end":{"line":1,"column":42}},"2":{"start":{"line":2,"column":0},"end":{"line":2,"column":33}},"3":{"start":{"line":3,"column":0},"end":{"line":3,"column":49}},"4":{"start":{"line":10,"column":26},"end":{"line":10,"column":54}},"5":{"start":{"line":11,"column":20},"end":{"line":11,"column":54}},"6":{"start":{"line":13,"column":2},"end":{"line":116,"column":15}},"7":{"start":{"line":14,"column":4},"end":{"line":14,"column":41}},"8":{"start":{"line":14,"column":34},"end":{"line":14,"column":41}},"9":{"start":{"line":17,"column":5},"end":{"line":17,"column":55}},"10":{"start":{"line":20,"column":4},"end":{"line":20,"column":39}},"11":{"start":{"line":23,"column":19},"end":{"line":34,"column":6}},"12":{"start":{"line":37,"column":25},"end":{"line":70,"column":5}},"13":{"start":{"line":38,"column":6},"end":{"line":50,"column":7}},"14":{"start":{"line":39,"column":8},"end":{"line":39,"column":41}},"15":{"start":{"line":40,"column":32},"end":{"line":40,"column":70}},"16":{"start":{"line":41,"column":8},"end":{"line":41,"column":65}},"17":{"start":{"line":43,"column":8},"end":{"line":43,"column":91}},"18":{"start":{"line":44,"column":8},"end":{"line":44,"column":41}},"19":{"start":{"line":45,"column":8},"end":{"line":49,"column":10}},"20":{"start":{"line":53,"column":6},"end":{"line":53,"column":47}},"21":{"start":{"line":54,"column":6},"end":{"line":54,"column":58}},"22":{"start":{"line":55,"column":6},"end":{"line":55,"column":65}},"23":{"start":{"line":57,"column":6},"end":{"line":57,"column":57}},"24":{"start":{"line":57,"column":28},"end":{"line":57,"column":57}},"25":{"start":{"line":58,"column":6},"end":{"line":58,"column":59}},"26":{"start":{"line":58,"column":29},"end":{"line":58,"column":59}},"27":{"start":{"line":59,"column":6},"end":{"line":59,"column":63}},"28":{"start":{"line":59,"column":31},"end":{"line":59,"column":63}},"29":{"start":{"line":60,"column":6},"end":{"line":60,"column":77}},"30":{"start":{"line":60,"column":38},"end":{"line":60,"column":77}},"31":{"start":{"line":62,"column":6},"end":{"line":62,"column":61}},"32":{"start":{"line":62,"column":28},"end":{"line":62,"column":61}},"33":{"start":{"line":63,"column":6},"end":{"line":63,"column":56}},"34":{"start":{"line":66,"column":6},"end":{"line":66,"column":55}},"35":{"start":{"line":67,"column":6},"end":{"line":69,"column":7}},"36":{"start":{"line":68,"column":8},"end":{"line":68,"column":59}},"37":{"start":{"line":72,"column":4},"end":{"line":72,"column":19}},"38":{"start":{"line":75,"column":4},"end":{"line":75,"column":75}},"39":{"start":{"line":76,"column":4},"end":{"line":76,"column":76}},"40":{"start":{"line":79,"column":4},"end":{"line":81,"column":7}},"41":{"start":{"line":83,"column":4},"end":{"line":83,"column":31}},"42":{"start":{"line":86,"column":20},"end":{"line":105,"column":5}},"43":{"start":{"line":87,"column":6},"end":{"line":104,"column":7}},"44":{"start":{"line":88,"column":30},"end":{"line":91,"column":10}},"45":{"start":{"line":93,"column":8},"end":{"line":93,"column":52}},"46":{"start":{"line":94,"column":8},"end":{"line":94,"column":42}},"47":{"start":{"line":96,"column":8},"end":{"line":96,"column":48}},"48":{"start":{"line":98,"column":8},"end":{"line":98,"column":63}},"49":{"start":{"line":101,"column":8},"end":{"line":103,"column":11}},"50":{"start":{"line":107,"column":4},"end":{"line":107,"column":14}},"51":{"start":{"line":110,"column":4},"end":{"line":115,"column":6}},"52":{"start":{"line":111,"column":6},"end":{"line":114,"column":7}},"53":{"start":{"line":112,"column":8},"end":{"line":112,"column":36}},"54":{"start":{"line":113,"column":8},"end":{"line":113,"column":33}},"55":{"start":{"line":118,"column":2},"end":{"line":124,"column":4}}},"fnMap":{"0":{"name":"CesiumGlobe","decl":{"start":{"line":9,"column":24},"end":{"line":9,"column":35}},"loc":{"start":{"line":9,"column":102},"end":{"line":125,"column":1}}},"1":{"name":"(anonymous_10)","decl":{"start":{"line":13,"column":12},"end":{"line":13,"column":15}},"loc":{"start":{"line":13,"column":17},"end":{"line":116,"column":3}}},"2":{"name":"(anonymous_11)","decl":{"start":{"line":37,"column":25},"end":{"line":37,"column":30}},"loc":{"start":{"line":37,"column":36},"end":{"line":70,"column":5}}},"3":{"name":"(anonymous_12)","decl":{"start":{"line":86,"column":20},"end":{"line":86,"column":25}},"loc":{"start":{"line":86,"column":31},"end":{"line":105,"column":5}}},"4":{"name":"(anonymous_13)","decl":{"start":{"line":110,"column":11},"end":{"line":110,"column":14}},"loc":{"start":{"line":110,"column":16},"end":{"line":115,"column":5}}}},"branchMap":{"0":{"loc":{"start":{"line":9,"column":38},"end":{"line":9,"column":82}},"type":"default-arg","locations":[{"start":{"line":9,"column":47},"end":{"line":9,"column":82}}]},"1":{"loc":{"start":{"line":14,"column":4},"end":{"line":14,"column":41}},"type":"if","locations":[{"start":{"line":14,"column":4},"end":{"line":14,"column":41}},{"start":{},"end":{}}]},"2":{"loc":{"start":{"line":57,"column":6},"end":{"line":57,"column":57}},"type":"if","locations":[{"start":{"line":57,"column":6},"end":{"line":57,"column":57}},{"start":{},"end":{}}]},"3":{"loc":{"start":{"line":58,"column":6},"end":{"line":58,"column":59}},"type":"if","locations":[{"start":{"line":58,"column":6},"end":{"line":58,"column":59}},{"start":{},"end":{}}]},"4":{"loc":{"start":{"line":59,"column":6},"end":{"line":59,"column":63}},"type":"if","locations":[{"start":{"line":59,"column":6},"end":{"line":59,"column":63}},{"start":{},"end":{}}]},"5":{"loc":{"start":{"line":60,"column":6},"end":{"line":60,"column":77}},"type":"if","locations":[{"start":{"line":60,"column":6},"end":{"line":60,"column":77}},{"start":{},"end":{}}]},"6":{"loc":{"start":{"line":62,"column":6},"end":{"line":62,"column":61}},"type":"if","locations":[{"start":{"line":62,"column":6},"end":{"line":62,"column":61}},{"start":{},"end":{}}]},"7":{"loc":{"start":{"line":67,"column":6},"end":{"line":69,"column":7}},"type":"if","locations":[{"start":{"line":67,"column":6},"end":{"line":69,"column":7}},{"start":{},"end":{}}]},"8":{"loc":{"start":{"line":67,"column":10},"end":{"line":67,"column":79}},"type":"binary-expr","locations":[{"start":{"line":67,"column":10},"end":{"line":67,"column":40}},{"start":{"line":67,"column":44},"end":{"line":67,"column":79}}]},"9":{"loc":{"start":{"line":111,"column":6},"end":{"line":114,"column":7}},"type":"if","locations":[{"start":{"line":111,"column":6},"end":{"line":114,"column":7}},{"start":{},"end":{}}]}},"s":{"0":2,"1":2,"2":2,"3":2,"4":16,"5":16,"6":16,"7":16,"8":0,"9":16,"10":16,"11":16,"12":16,"13":16,"14":16,"15":16,"16":16,"17":0,"18":0,"19":0,"20":16,"21":16,"22":16,"23":16,"24":16,"25":16,"26":16,"27":16,"28":16,"29":16,"30":16,"31":16,"32":16,"33":16,"34":16,"35":16,"36":16,"37":16,"38":16,"39":16,"40":16,"41":16,"42":16,"43":16,"44":16,"45":16,"46":16,"47":16,"48":0,"49":0,"50":16,"51":16,"52":16,"53":16,"54":16,"55":16},"f":{"0":16,"1":16,"2":16,"3":16,"4":16},"b":{"0":[16],"1":[0,16],"2":[16,0],"3":[16,0],"4":[16,0],"5":[16,0],"6":[16,0],"7":[16,0],"8":[16,16],"9":[16,0]}}
,"D:\\UCC2\\integracion_continua\\src\\components\\Layout.tsx": {"path":"D:\\UCC2\\integracion_continua\\src\\components\\Layout.tsx","statementMap":{"0":{"start":{"line":6,"column":0},"end":{"line":6,"column":24}},"1":{"start":{"line":1,"column":0},"end":{"line":1,"column":42}},"2":{"start":{"line":2,"column":0},"end":{"line":2,"column":33}},"3":{"start":{"line":3,"column":0},"end":{"line":3,"column":32}},"4":{"start":{"line":4,"column":0},"end":{"line":4,"column":30}},"5":{"start":{"line":7,"column":40},"end":{"line":7,"column":55}},"6":{"start":{"line":9,"column":2},"end":{"line":40,"column":4}},"7":{"start":{"line":16,"column":32},"end":{"line":16,"column":53}},"8":{"start":{"line":23,"column":25},"end":{"line":23,"column":46}},"9":{"start":{"line":30,"column":35},"end":{"line":30,"column":63}}},"fnMap":{"0":{"name":"Layout","decl":{"start":{"line":6,"column":24},"end":{"line":6,"column":30}},"loc":{"start":{"line":6,"column":30},"end":{"line":41,"column":1}}},"1":{"name":"(anonymous_2)","decl":{"start":{"line":16,"column":26},"end":{"line":16,"column":29}},"loc":{"start":{"line":16,"column":32},"end":{"line":16,"column":53}}},"2":{"name":"(anonymous_3)","decl":{"start":{"line":23,"column":19},"end":{"line":23,"column":22}},"loc":{"start":{"line":23,"column":25},"end":{"line":23,"column":46}}},"3":{"name":"(anonymous_4)","decl":{"start":{"line":30,"column":29},"end":{"line":30,"column":32}},"loc":{"start":{"line":30,"column":35},"end":{"line":30,"column":63}}}},"branchMap":{"0":{"loc":{"start":{"line":14,"column":10},"end":{"line":14,"column":61}},"type":"cond-expr","locations":[{"start":{"line":14,"column":24},"end":{"line":14,"column":39}},{"start":{"line":14,"column":42},"end":{"line":14,"column":61}}]},"1":{"loc":{"start":{"line":20,"column":7},"end":{"line":24,"column":null}},"type":"binary-expr","locations":[{"start":{"line":20,"column":7},"end":{"line":20,"column":18}},{"start":{"line":21,"column":8},"end":{"line":23,"column":null}}]}},"s":{"0":1,"1":1,"2":1,"3":1,"4":1,"5":1,"6":1,"7":0,"8":0,"9":0},"f":{"0":1,"1":0,"2":0,"3":0},"b":{"0":[0,1],"1":[1,0]}}
,"D:\\UCC2\\integracion_continua\\src\\components\\Navbar.tsx": {"path":"D:\\UCC2\\integracion_continua\\src\\components\\Navbar.tsx","statementMap":{"0":{"start":{"line":2,"column":0},"end":{"line":2,"column":41}},"1":{"start":{"line":8,"column":38},"end":{"line":61,"column":1}},"2":{"start":{"line":10,"column":2},"end":{"line":19,"column":9}},"3":{"start":{"line":11,"column":17},"end":{"line":11,"column":41}},"4":{"start":{"line":12,"column":18},"end":{"line":12,"column":47}},"5":{"start":{"line":14,"column":4},"end":{"line":18,"column":5}},"6":{"start":{"line":15,"column":6},"end":{"line":15,"column":54}},"7":{"start":{"line":16,"column":11},"end":{"line":18,"column":5}},"8":{"start":{"line":17,"column":6},"end":{"line":17,"column":33}},"9":{"start":{"line":21,"column":22},"end":{"line":27,"column":3}},"10":{"start":{"line":22,"column":17},"end":{"line":22,"column":41}},"11":{"start":{"line":23,"column":17},"end":{"line":23,"column":65}},"12":{"start":{"line":24,"column":4},"end":{"line":24,"column":40}},"13":{"start":{"line":26,"column":4},"end":{"line":26,"column":90}},"14":{"start":{"line":29,"column":2},"end":{"line":60,"column":4}},"15":{"start":{"line":63,"column":0},"end":{"line":63,"column":22}}},"fnMap":{"0":{"name":"(anonymous_0)","decl":{"start":{"line":8,"column":38},"end":{"line":8,"column":39}},"loc":{"start":{"line":8,"column":58},"end":{"line":61,"column":1}}},"1":{"name":"(anonymous_1)","decl":{"start":{"line":10,"column":12},"end":{"line":10,"column":15}},"loc":{"start":{"line":10,"column":17},"end":{"line":19,"column":3}}},"2":{"name":"(anonymous_2)","decl":{"start":{"line":21,"column":22},"end":{"line":21,"column":25}},"loc":{"start":{"line":21,"column":27},"end":{"line":27,"column":3}}}},"branchMap":{"0":{"loc":{"start":{"line":14,"column":4},"end":{"line":18,"column":5}},"type":"if","locations":[{"start":{"line":14,"column":4},"end":{"line":18,"column":5}},{"start":{"line":16,"column":11},"end":{"line":18,"column":5}}]},"1":{"loc":{"start":{"line":16,"column":11},"end":{"line":18,"column":5}},"type":"if","locations":[{"start":{"line":16,"column":11},"end":{"line":18,"column":5}},{"start":{},"end":{}}]},"2":{"loc":{"start":{"line":23,"column":17},"end":{"line":23,"column":65}},"type":"cond-expr","locations":[{"start":{"line":23,"column":49},"end":{"line":23,"column":55}},{"start":{"line":23,"column":58},"end":{"line":23,"column":65}}]}},"s":{"0":2,"1":2,"2":4,"3":4,"4":4,"5":4,"6":0,"7":4,"8":0,"9":4,"10":0,"11":0,"12":0,"13":0,"14":4,"15":2},"f":{"0":4,"1":4,"2":0},"b":{"0":[0,4],"1":[0,4],"2":[0,0]}}
,"D:\\UCC2\\integracion_continua\\src\\components\\RobotSimulator.tsx": {"path":"D:\\UCC2\\integracion_continua\\src\\components\\RobotSimulator.tsx","statementMap":{"0":{"start":{"line":231,"column":0},"end":{"line":231,"column":24}},"1":{"start":{"line":1,"column":0},"end":{"line":1,"column":41}},"2":{"start":{"line":2,"column":0},"end":{"line":2,"column":54}},"3":{"start":{"line":3,"column":0},"end":{"line":3,"column":73}},"4":{"start":{"line":4,"column":0},"end":{"line":4,"column":36}},"5":{"start":{"line":14,"column":34},"end":{"line":39,"column":2}},"6":{"start":{"line":42,"column":19},"end":{"line":42,"column":44}},"7":{"start":{"line":43,"column":20},"end":{"line":43,"column":44}},"8":{"start":{"line":44,"column":20},"end":{"line":44,"column":44}},"9":{"start":{"line":46,"column":2},"end":{"line":57,"column":5}},"10":{"start":{"line":47,"column":4},"end":{"line":50,"column":5}},"11":{"start":{"line":48,"column":6},"end":{"line":48,"column":80}},"12":{"start":{"line":49,"column":6},"end":{"line":49,"column":86}},"13":{"start":{"line":51,"column":4},"end":{"line":53,"column":5}},"14":{"start":{"line":52,"column":6},"end":{"line":52,"column":42}},"15":{"start":{"line":54,"column":4},"end":{"line":56,"column":5}},"16":{"start":{"line":55,"column":6},"end":{"line":55,"column":42}},"17":{"start":{"line":59,"column":2},"end":{"line":86,"column":4}},"18":{"start":{"line":90,"column":17},"end":{"line":90,"column":42}},"19":{"start":{"line":91,"column":20},"end":{"line":91,"column":45}},"20":{"start":{"line":92,"column":20},"end":{"line":92,"column":45}},"21":{"start":{"line":94,"column":2},"end":{"line":104,"column":5}},"22":{"start":{"line":95,"column":4},"end":{"line":97,"column":5}},"23":{"start":{"line":96,"column":6},"end":{"line":96,"column":80}},"24":{"start":{"line":98,"column":4},"end":{"line":100,"column":5}},"25":{"start":{"line":99,"column":6},"end":{"line":99,"column":83}},"26":{"start":{"line":101,"column":4},"end":{"line":103,"column":5}},"27":{"start":{"line":102,"column":6},"end":{"line":102,"column":83}},"28":{"start":{"line":106,"column":2},"end":{"line":128,"column":4}},"29":{"start":{"line":132,"column":19},"end":{"line":132,"column":44}},"30":{"start":{"line":133,"column":21},"end":{"line":133,"column":46}},"31":{"start":{"line":134,"column":22},"end":{"line":134,"column":47}},"32":{"start":{"line":136,"column":2},"end":{"line":146,"column":5}},"33":{"start":{"line":137,"column":4},"end":{"line":139,"column":5}},"34":{"start":{"line":138,"column":6},"end":{"line":138,"column":82}},"35":{"start":{"line":140,"column":4},"end":{"line":142,"column":5}},"36":{"start":{"line":141,"column":6},"end":{"line":141,"column":82}},"37":{"start":{"line":143,"column":4},"end":{"line":145,"column":5}},"38":{"start":{"line":144,"column":6},"end":{"line":144,"column":84}},"39":{"start":{"line":148,"column":2},"end":{"line":179,"column":4}},"40":{"start":{"line":183,"column":19},"end":{"line":183,"column":44}},"41":{"start":{"line":184,"column":21},"end":{"line":184,"column":45}},"42":{"start":{"line":185,"column":21},"end":{"line":185,"column":45}},"43":{"start":{"line":186,"column":21},"end":{"line":186,"column":45}},"44":{"start":{"line":187,"column":21},"end":{"line":187,"column":45}},"45":{"start":{"line":189,"column":2},"end":{"line":199,"column":5}},"46":{"start":{"line":190,"column":4},"end":{"line":193,"column":5}},"47":{"start":{"line":191,"column":6},"end":{"line":191,"column":80}},"48":{"start":{"line":192,"column":6},"end":{"line":192,"column":82}},"49":{"start":{"line":194,"column":4},"end":{"line":198,"column":5}},"50":{"start":{"line":195,"column":6},"end":{"line":197,"column":9}},"51":{"start":{"line":196,"column":8},"end":{"line":196,"column":57}},"52":{"start":{"line":196,"column":26},"end":{"line":196,"column":57}},"53":{"start":{"line":201,"column":2},"end":{"line":228,"column":4}},"54":{"start":{"line":232,"column":44},"end":{"line":232,"column":80}},"55":{"start":{"line":233,"column":34},"end":{"line":233,"column":48}},"56":{"start":{"line":235,"column":22},"end":{"line":248,"column":3}},"57":{"start":{"line":236,"column":4},"end":{"line":247,"column":5}},"58":{"start":{"line":238,"column":8},"end":{"line":238,"column":81}},"59":{"start":{"line":240,"column":8},"end":{"line":240,"column":76}},"60":{"start":{"line":242,"column":8},"end":{"line":242,"column":81}},"61":{"start":{"line":244,"column":8},"end":{"line":244,"column":78}},"62":{"start":{"line":246,"column":8},"end":{"line":246,"column":20}},"63":{"start":{"line":250,"column":2},"end":{"line":375,"column":4}},"64":{"start":{"line":282,"column":31},"end":{"line":282,"column":53}},"65":{"start":{"line":307,"column":16},"end":{"line":308,"column":null}},"66":{"start":{"line":309,"column":33},"end":{"line":309,"column":56}}},"fnMap":{"0":{"name":"ExplorerRobot","decl":{"start":{"line":41,"column":9},"end":{"line":41,"column":22}},"loc":{"start":{"line":41,"column":80},"end":{"line":87,"column":1}}},"1":{"name":"(anonymous_1)","decl":{"start":{"line":46,"column":11},"end":{"line":46,"column":12}},"loc":{"start":{"line":46,"column":21},"end":{"line":57,"column":3}}},"2":{"name":"RobotArm","decl":{"start":{"line":89,"column":9},"end":{"line":89,"column":17}},"loc":{"start":{"line":89,"column":75},"end":{"line":129,"column":1}}},"3":{"name":"(anonymous_3)","decl":{"start":{"line":94,"column":11},"end":{"line":94,"column":12}},"loc":{"start":{"line":94,"column":21},"end":{"line":104,"column":3}}},"4":{"name":"HumanoidRobot","decl":{"start":{"line":131,"column":9},"end":{"line":131,"column":22}},"loc":{"start":{"line":131,"column":80},"end":{"line":180,"column":1}}},"5":{"name":"(anonymous_5)","decl":{"start":{"line":136,"column":11},"end":{"line":136,"column":12}},"loc":{"start":{"line":136,"column":21},"end":{"line":146,"column":3}}},"6":{"name":"DroneRobot","decl":{"start":{"line":182,"column":9},"end":{"line":182,"column":19}},"loc":{"start":{"line":182,"column":77},"end":{"line":229,"column":1}}},"7":{"name":"(anonymous_7)","decl":{"start":{"line":189,"column":11},"end":{"line":189,"column":12}},"loc":{"start":{"line":189,"column":21},"end":{"line":199,"column":3}}},"8":{"name":"(anonymous_8)","decl":{"start":{"line":195,"column":63},"end":{"line":195,"column":67}},"loc":{"start":{"line":195,"column":70},"end":{"line":197,"column":7}}},"9":{"name":"RobotSimulator","decl":{"start":{"line":231,"column":24},"end":{"line":231,"column":38}},"loc":{"start":{"line":231,"column":38},"end":{"line":376,"column":1}}},"10":{"name":"(anonymous_10)","decl":{"start":{"line":235,"column":22},"end":{"line":235,"column":25}},"loc":{"start":{"line":235,"column":27},"end":{"line":248,"column":3}}},"11":{"name":"(anonymous_11)","decl":{"start":{"line":282,"column":25},"end":{"line":282,"column":28}},"loc":{"start":{"line":282,"column":31},"end":{"line":282,"column":53}}},"12":{"name":"(anonymous_12)","decl":{"start":{"line":306,"column":30},"end":{"line":306,"column":31}},"loc":{"start":{"line":307,"column":16},"end":{"line":308,"column":null}}},"13":{"name":"(anonymous_13)","decl":{"start":{"line":309,"column":27},"end":{"line":309,"column":30}},"loc":{"start":{"line":309,"column":33},"end":{"line":309,"column":56}}}},"branchMap":{"0":{"loc":{"start":{"line":47,"column":4},"end":{"line":50,"column":5}},"type":"if","locations":[{"start":{"line":47,"column":4},"end":{"line":50,"column":5}},{"start":{},"end":{}}]},"1":{"loc":{"start":{"line":47,"column":8},"end":{"line":47,"column":36}},"type":"binary-expr","locations":[{"start":{"line":47,"column":8},"end":{"line":47,"column":24}},{"start":{"line":47,"column":28},"end":{"line":47,"column":36}}]},"2":{"loc":{"start":{"line":51,"column":4},"end":{"line":53,"column":5}},"type":"if","locations":[{"start":{"line":51,"column":4},"end":{"line":53,"column":5}},{"start":{},"end":{}}]},"3":{"loc":{"start":{"line":51,"column":8},"end":{"line":51,"column":37}},"type":"binary-expr","locations":[{"start":{"line":51,"column":8},"end":{"line":51,"column":25}},{"start":{"line":51,"column":29},"end":{"line":51,"column":37}}]},"4":{"loc":{"start":{"line":54,"column":4},"end":{"line":56,"column":5}},"type":"if","locations":[{"start":{"line":54,"column":4},"end":{"line":56,"column":5}},{"start":{},"end":{}}]},"5":{"loc":{"start":{"line":54,"column":8},"end":{"line":54,"column":37}},"type":"binary-expr","locations":[{"start":{"line":54,"column":8},"end":{"line":54,"column":25}},{"start":{"line":54,"column":29},"end":{"line":54,"column":37}}]},"6":{"loc":{"start":{"line":95,"column":4},"end":{"line":97,"column":5}},"type":"if","locations":[{"start":{"line":95,"column":4},"end":{"line":97,"column":5}},{"start":{},"end":{}}]},"7":{"loc":{"start":{"line":95,"column":8},"end":{"line":95,"column":34}},"type":"binary-expr","locations":[{"start":{"line":95,"column":8},"end":{"line":95,"column":22}},{"start":{"line":95,"column":26},"end":{"line":95,"column":34}}]},"8":{"loc":{"start":{"line":98,"column":4},"end":{"line":100,"column":5}},"type":"if","locations":[{"start":{"line":98,"column":4},"end":{"line":100,"column":5}},{"start":{},"end":{}}]},"9":{"loc":{"start":{"line":98,"column":8},"end":{"line":98,"column":37}},"type":"binary-expr","locations":[{"start":{"line":98,"column":8},"end":{"line":98,"column":25}},{"start":{"line":98,"column":29},"end":{"line":98,"column":37}}]},"10":{"loc":{"start":{"line":101,"column":4},"end":{"line":103,"column":5}},"type":"if","locations":[{"start":{"line":101,"column":4},"end":{"line":103,"column":5}},{"start":{},"end":{}}]},"11":{"loc":{"start":{"line":101,"column":8},"end":{"line":101,"column":37}},"type":"binary-expr","locations":[{"start":{"line":101,"column":8},"end":{"line":101,"column":25}},{"start":{"line":101,"column":29},"end":{"line":101,"column":37}}]},"12":{"loc":{"start":{"line":137,"column":4},"end":{"line":139,"column":5}},"type":"if","locations":[{"start":{"line":137,"column":4},"end":{"line":139,"column":5}},{"start":{},"end":{}}]},"13":{"loc":{"start":{"line":137,"column":8},"end":{"line":137,"column":36}},"type":"binary-expr","locations":[{"start":{"line":137,"column":8},"end":{"line":137,"column":24}},{"start":{"line":137,"column":28},"end":{"line":137,"column":36}}]},"14":{"loc":{"start":{"line":140,"column":4},"end":{"line":142,"column":5}},"type":"if","locations":[{"start":{"line":140,"column":4},"end":{"line":142,"column":5}},{"start":{},"end":{}}]},"15":{"loc":{"start":{"line":140,"column":8},"end":{"line":140,"column":38}},"type":"binary-expr","locations":[{"start":{"line":140,"column":8},"end":{"line":140,"column":26}},{"start":{"line":140,"column":30},"end":{"line":140,"column":38}}]},"16":{"loc":{"start":{"line":143,"column":4},"end":{"line":145,"column":5}},"type":"if","locations":[{"start":{"line":143,"column":4},"end":{"line":145,"column":5}},{"start":{},"end":{}}]},"17":{"loc":{"start":{"line":143,"column":8},"end":{"line":143,"column":39}},"type":"binary-expr","locations":[{"start":{"line":143,"column":8},"end":{"line":143,"column":27}},{"start":{"line":143,"column":31},"end":{"line":143,"column":39}}]},"18":{"loc":{"start":{"line":190,"column":4},"end":{"line":193,"column":5}},"type":"if","locations":[{"start":{"line":190,"column":4},"end":{"line":193,"column":5}},{"start":{},"end":{}}]},"19":{"loc":{"start":{"line":190,"column":8},"end":{"line":190,"column":36}},"type":"binary-expr","locations":[{"start":{"line":190,"column":8},"end":{"line":190,"column":24}},{"start":{"line":190,"column":28},"end":{"line":190,"column":36}}]},"20":{"loc":{"start":{"line":194,"column":4},"end":{"line":198,"column":5}},"type":"if","locations":[{"start":{"line":194,"column":4},"end":{"line":198,"column":5}},{"start":{},"end":{}}]},"21":{"loc":{"start":{"line":196,"column":8},"end":{"line":196,"column":57}},"type":"if","locations":[{"start":{"line":196,"column":8},"end":{"line":196,"column":57}},{"start":{},"end":{}}]},"22":{"loc":{"start":{"line":236,"column":4},"end":{"line":247,"column":5}},"type":"switch","locations":[{"start":{"line":237,"column":6},"end":{"line":238,"column":81}},{"start":{"line":239,"column":6},"end":{"line":240,"column":76}},{"start":{"line":241,"column":6},"end":{"line":242,"column":81}},{"start":{"line":243,"column":6},"end":{"line":244,"column":78}},{"start":{"line":245,"column":6},"end":{"line":246,"column":20}}]},"23":{"loc":{"start":{"line":284,"column":18},"end":{"line":286,"column":null}},"type":"cond-expr","locations":[{"start":{"line":285,"column":22},"end":{"line":285,"column":66}},{"start":{"line":286,"column":22},"end":{"line":286,"column":null}}]},"24":{"loc":{"start":{"line":289,"column":17},"end":{"line":289,"column":52}},"type":"cond-expr","locations":[{"start":{"line":289,"column":28},"end":{"line":289,"column":38}},{"start":{"line":289,"column":41},"end":{"line":289,"column":52}}]},"25":{"loc":{"start":{"line":311,"column":20},"end":{"line":313,"column":null}},"type":"cond-expr","locations":[{"start":{"line":312,"column":24},"end":{"line":312,"column":46}},{"start":{"line":313,"column":24},"end":{"line":313,"column":null}}]},"26":{"loc":{"start":{"line":316,"column":37},"end":{"line":316,"column":103}},"type":"cond-expr","locations":[{"start":{"line":316,"column":73},"end":{"line":316,"column":91}},{"start":{"line":316,"column":94},"end":{"line":316,"column":103}}]},"27":{"loc":{"start":{"line":317,"column":33},"end":{"line":317,"column":92}},"type":"cond-expr","locations":[{"start":{"line":317,"column":69},"end":{"line":317,"column":80}},{"start":{"line":317,"column":83},"end":{"line":317,"column":92}}]}},"s":{"0":2,"1":2,"2":2,"3":2,"4":2,"5":2,"6":0,"7":0,"8":0,"9":0,"10":0,"11":0,"12":0,"13":0,"14":0,"15":0,"16":0,"17":0,"18":0,"19":0,"20":0,"21":0,"22":0,"23":0,"24":0,"25":0,"26":0,"27":0,"28":0,"29":0,"30":0,"31":0,"32":0,"33":0,"34":0,"35":0,"36":0,"37":0,"38":0,"39":0,"40":0,"41":0,"42":0,"43":0,"44":0,"45":0,"46":0,"47":0,"48":0,"49":0,"50":0,"51":0,"52":0,"53":0,"54":4,"55":4,"56":4,"57":4,"58":4,"59":0,"60":0,"61":0,"62":0,"63":4,"64":0,"65":16,"66":0},"f":{"0":0,"1":0,"2":0,"3":0,"4":0,"5":0,"6":0,"7":0,"8":0,"9":4,"10":4,"11":0,"12":16,"13":0},"b":{"0":[0,0],"1":[0,0],"2":[0,0],"3":[0,0],"4":[0,0],"5":[0,0],"6":[0,0],"7":[0,0],"8":[0,0],"9":[0,0],"10":[0,0],"11":[0,0],"12":[0,0],"13":[0,0],"14":[0,0],"15":[0,0],"16":[0,0],"17":[0,0],"18":[0,0],"19":[0,0],"20":[0,0],"21":[0,0],"22":[4,0,0,0,0],"23":[4,0],"24":[4,0],"25":[4,12],"26":[4,12],"27":[4,12]}}
,"D:\\UCC2\\integracion_continua\\src\\components\\Sidebar.tsx": {"path":"D:\\UCC2\\integracion_continua\\src\\components\\Sidebar.tsx","statementMap":{"0":{"start":{"line":18,"column":0},"end":{"line":18,"column":24}},"1":{"start":{"line":1,"column":0},"end":{"line":1,"column":43}},"2":{"start":{"line":2,"column":0},"end":{"line":2,"column":72}},"3":{"start":{"line":10,"column":36},"end":{"line":16,"column":2}},"4":{"start":{"line":19,"column":24},"end":{"line":32,"column":null}},"5":{"start":{"line":20,"column":4},"end":{"line":21,"column":null}},"6":{"start":{"line":23,"column":21},"end":{"line":23,"column":32}},"7":{"start":{"line":25,"column":8},"end":{"line":27,"column":120}},"8":{"start":{"line":35,"column":2},"end":{"line":52,"column":4}}},"fnMap":{"0":{"name":"Sidebar","decl":{"start":{"line":18,"column":24},"end":{"line":18,"column":31}},"loc":{"start":{"line":18,"column":69},"end":{"line":53,"column":1}}},"1":{"name":"(anonymous_1)","decl":{"start":{"line":19,"column":24},"end":{"line":19,"column":25}},"loc":{"start":{"line":20,"column":4},"end":{"line":21,"column":null}}},"2":{"name":"(anonymous_2)","decl":{"start":{"line":23,"column":15},"end":{"line":23,"column":18}},"loc":{"start":{"line":23,"column":21},"end":{"line":23,"column":32}}},"3":{"name":"(anonymous_3)","decl":{"start":{"line":24,"column":17},"end":{"line":24,"column":18}},"loc":{"start":{"line":25,"column":8},"end":{"line":27,"column":120}}}},"branchMap":{"0":{"loc":{"start":{"line":27,"column":11},"end":{"line":27,"column":118}},"type":"cond-expr","locations":[{"start":{"line":27,"column":22},"end":{"line":27,"column":113}},{"start":{"line":27,"column":116},"end":{"line":27,"column":118}}]}},"s":{"0":1,"1":1,"2":1,"3":1,"4":1,"5":5,"6":0,"7":5,"8":1},"f":{"0":1,"1":5,"2":0,"3":5},"b":{"0":[1,4]}}
,"D:\\UCC2\\integracion_continua\\src\\components\\SolarSystemViewer.tsx": {"path":"D:\\UCC2\\integracion_continua\\src\\components\\SolarSystemViewer.tsx","statementMap":{"0":{"start":{"line":50,"column":0},"end":{"line":50,"column":24}},"1":{"start":{"line":1,"column":0},"end":{"line":1,"column":31}},"2":{"start":{"line":2,"column":0},"end":{"line":2,"column":54}},"3":{"start":{"line":3,"column":0},"end":{"line":3,"column":58}},"4":{"start":{"line":4,"column":0},"end":{"line":4,"column":37}},"5":{"start":{"line":16,"column":26},"end":{"line":25,"column":2}},"6":{"start":{"line":28,"column":18},"end":{"line":28,"column":42}},"7":{"start":{"line":29,"column":19},"end":{"line":29,"column":44}},"8":{"start":{"line":31,"column":2},"end":{"line":35,"column":5}},"9":{"start":{"line":32,"column":4},"end":{"line":34,"column":5}},"10":{"start":{"line":33,"column":6},"end":{"line":33,"column":81}},"11":{"start":{"line":37,"column":2},"end":{"line":47,"column":4}},"12":{"start":{"line":51,"column":2},"end":{"line":151,"column":4}},"13":{"start":{"line":81,"column":18},"end":{"line":81,"column":46}},"14":{"start":{"line":101,"column":16},"end":{"line":102,"column":null}}},"fnMap":{"0":{"name":"OrbitingPlanet","decl":{"start":{"line":27,"column":9},"end":{"line":27,"column":23}},"loc":{"start":{"line":27,"column":54},"end":{"line":48,"column":1}}},"1":{"name":"(anonymous_1)","decl":{"start":{"line":31,"column":11},"end":{"line":31,"column":12}},"loc":{"start":{"line":31,"column":21},"end":{"line":35,"column":3}}},"2":{"name":"SolarSystemViewer","decl":{"start":{"line":50,"column":24},"end":{"line":50,"column":41}},"loc":{"start":{"line":50,"column":41},"end":{"line":152,"column":1}}},"3":{"name":"(anonymous_3)","decl":{"start":{"line":80,"column":29},"end":{"line":80,"column":30}},"loc":{"start":{"line":81,"column":18},"end":{"line":81,"column":46}}},"4":{"name":"(anonymous_4)","decl":{"start":{"line":100,"column":27},"end":{"line":100,"column":28}},"loc":{"start":{"line":101,"column":16},"end":{"line":102,"column":null}}}},"branchMap":{"0":{"loc":{"start":{"line":32,"column":4},"end":{"line":34,"column":5}},"type":"if","locations":[{"start":{"line":32,"column":4},"end":{"line":34,"column":5}},{"start":{},"end":{}}]}},"s":{"0":2,"1":2,"2":2,"3":2,"4":2,"5":2,"6":0,"7":0,"8":0,"9":0,"10":0,"11":0,"12":4,"13":32,"14":32},"f":{"0":0,"1":0,"2":4,"3":32,"4":32},"b":{"0":[0,0]}}
,"D:\\UCC2\\integracion_continua\\src\\components\\icons.tsx": {"path":"D:\\UCC2\\integracion_continua\\src\\components\\icons.tsx","statementMap":{"0":{"start":{"line":1,"column":0},"end":{"line":1,"column":16}},"1":{"start":{"line":22,"column":0},"end":{"line":22,"column":16}},"2":{"start":{"line":43,"column":0},"end":{"line":43,"column":16}},"3":{"start":{"line":65,"column":0},"end":{"line":65,"column":16}},"4":{"start":{"line":88,"column":0},"end":{"line":88,"column":16}},"5":{"start":{"line":2,"column":2},"end":{"line":19,"column":4}},"6":{"start":{"line":23,"column":2},"end":{"line":40,"column":4}},"7":{"start":{"line":44,"column":2},"end":{"line":62,"column":4}},"8":{"start":{"line":66,"column":2},"end":{"line":85,"column":4}},"9":{"start":{"line":89,"column":2},"end":{"line":105,"column":4}}},"fnMap":{"0":{"name":"GlobeIcon","decl":{"start":{"line":1,"column":16},"end":{"line":1,"column":25}},"loc":{"start":{"line":1,"column":94},"end":{"line":20,"column":1}}},"1":{"name":"MapIcon","decl":{"start":{"line":22,"column":16},"end":{"line":22,"column":23}},"loc":{"start":{"line":22,"column":92},"end":{"line":41,"column":1}}},"2":{"name":"RocketIcon","decl":{"start":{"line":43,"column":16},"end":{"line":43,"column":26}},"loc":{"start":{"line":43,"column":95},"end":{"line":63,"column":1}}},"3":{"name":"RobotIcon","decl":{"start":{"line":65,"column":16},"end":{"line":65,"column":25}},"loc":{"start":{"line":65,"column":94},"end":{"line":86,"column":1}}},"4":{"name":"SaturnIcon","decl":{"start":{"line":88,"column":16},"end":{"line":88,"column":26}},"loc":{"start":{"line":88,"column":95},"end":{"line":106,"column":1}}}},"branchMap":{"0":{"loc":{"start":{"line":1,"column":28},"end":{"line":1,"column":37}},"type":"default-arg","locations":[{"start":{"line":1,"column":35},"end":{"line":1,"column":37}}]},"1":{"loc":{"start":{"line":1,"column":39},"end":{"line":1,"column":53}},"type":"default-arg","locations":[{"start":{"line":1,"column":51},"end":{"line":1,"column":53}}]},"2":{"loc":{"start":{"line":22,"column":26},"end":{"line":22,"column":35}},"type":"default-arg","locations":[{"start":{"line":22,"column":33},"end":{"line":22,"column":35}}]},"3":{"loc":{"start":{"line":22,"column":37},"end":{"line":22,"column":51}},"type":"default-arg","locations":[{"start":{"line":22,"column":49},"end":{"line":22,"column":51}}]},"4":{"loc":{"start":{"line":43,"column":29},"end":{"line":43,"column":38}},"type":"default-arg","locations":[{"start":{"line":43,"column":36},"end":{"line":43,"column":38}}]},"5":{"loc":{"start":{"line":43,"column":40},"end":{"line":43,"column":54}},"type":"default-arg","locations":[{"start":{"line":43,"column":52},"end":{"line":43,"column":54}}]},"6":{"loc":{"start":{"line":65,"column":28},"end":{"line":65,"column":37}},"type":"default-arg","locations":[{"start":{"line":65,"column":35},"end":{"line":65,"column":37}}]},"7":{"loc":{"start":{"line":65,"column":39},"end":{"line":65,"column":53}},"type":"default-arg","locations":[{"start":{"line":65,"column":51},"end":{"line":65,"column":53}}]},"8":{"loc":{"start":{"line":88,"column":29},"end":{"line":88,"column":38}},"type":"default-arg","locations":[{"start":{"line":88,"column":36},"end":{"line":88,"column":38}}]},"9":{"loc":{"start":{"line":88,"column":40},"end":{"line":88,"column":54}},"type":"default-arg","locations":[{"start":{"line":88,"column":52},"end":{"line":88,"column":54}}]}},"s":{"0":5,"1":5,"2":5,"3":5,"4":5,"5":16,"6":4,"7":0,"8":4,"9":4},"f":{"0":16,"1":4,"2":0,"3":4,"4":4},"b":{"0":[0],"1":[0],"2":[0],"3":[0],"4":[0],"5":[0],"6":[0],"7":[0],"8":[0],"9":[0]}}
,"D:\\UCC2\\integracion_continua\\src\\context\\ScoreContext.tsx": {"path":"D:\\UCC2\\integracion_continua\\src\\context\\ScoreContext.tsx","statementMap":{"0":{"start":{"line":1,"column":0},"end":{"line":1,"column":78}},"1":{"start":{"line":15,"column":21},"end":{"line":15,"column":75}},"2":{"start":{"line":21,"column":59},"end":{"line":57,"column":1}},"3":{"start":{"line":22,"column":38},"end":{"line":22,"column":57}},"4":{"start":{"line":23,"column":46},"end":{"line":23,"column":78}},"5":{"start":{"line":25,"column":19},"end":{"line":27,"column":3}},"6":{"start":{"line":26,"column":4},"end":{"line":26,"column":51}},"7":{"start":{"line":26,"column":31},"end":{"line":26,"column":49}},"8":{"start":{"line":29,"column":21},"end":{"line":32,"column":3}},"9":{"start":{"line":30,"column":4},"end":{"line":30,"column":21}},"10":{"start":{"line":31,"column":4},"end":{"line":31,"column":33}},"11":{"start":{"line":34,"column":27},"end":{"line":39,"column":3}},"12":{"start":{"line":35,"column":4},"end":{"line":38,"column":5}},"13":{"start":{"line":36,"column":6},"end":{"line":36,"column":61}},"14":{"start":{"line":36,"column":32},"end":{"line":36,"column":59}},"15":{"start":{"line":37,"column":6},"end":{"line":37,"column":19}},"16":{"start":{"line":41,"column":23},"end":{"line":43,"column":3}},"17":{"start":{"line":42,"column":4},"end":{"line":42,"column":40}},"18":{"start":{"line":45,"column":2},"end":{"line":56,"column":4}},"19":{"start":{"line":21,"column":13},"end":{"line":21,"column":59}},"20":{"start":{"line":59,"column":24},"end":{"line":65,"column":1}},"21":{"start":{"line":60,"column":18},"end":{"line":60,"column":42}},"22":{"start":{"line":61,"column":2},"end":{"line":63,"column":3}},"23":{"start":{"line":62,"column":4},"end":{"line":62,"column":68}},"24":{"start":{"line":64,"column":2},"end":{"line":64,"column":17}},"25":{"start":{"line":59,"column":13},"end":{"line":59,"column":24}}},"fnMap":{"0":{"name":"(anonymous_0)","decl":{"start":{"line":21,"column":59},"end":{"line":21,"column":60}},"loc":{"start":{"line":21,"column":76},"end":{"line":57,"column":1}}},"1":{"name":"(anonymous_1)","decl":{"start":{"line":25,"column":19},"end":{"line":25,"column":20}},"loc":{"start":{"line":25,"column":38},"end":{"line":27,"column":3}}},"2":{"name":"(anonymous_2)","decl":{"start":{"line":26,"column":18},"end":{"line":26,"column":27}},"loc":{"start":{"line":26,"column":31},"end":{"line":26,"column":49}}},"3":{"name":"(anonymous_3)","decl":{"start":{"line":29,"column":21},"end":{"line":29,"column":24}},"loc":{"start":{"line":29,"column":26},"end":{"line":32,"column":3}}},"4":{"name":"(anonymous_4)","decl":{"start":{"line":34,"column":27},"end":{"line":34,"column":28}},"loc":{"start":{"line":34,"column":48},"end":{"line":39,"column":3}}},"5":{"name":"(anonymous_5)","decl":{"start":{"line":36,"column":24},"end":{"line":36,"column":28}},"loc":{"start":{"line":36,"column":32},"end":{"line":36,"column":59}}},"6":{"name":"(anonymous_6)","decl":{"start":{"line":41,"column":23},"end":{"line":41,"column":24}},"loc":{"start":{"line":41,"column":44},"end":{"line":43,"column":3}}},"7":{"name":"(anonymous_7)","decl":{"start":{"line":59,"column":24},"end":{"line":59,"column":45}},"loc":{"start":{"line":59,"column":47},"end":{"line":65,"column":1}}}},"branchMap":{"0":{"loc":{"start":{"line":35,"column":4},"end":{"line":38,"column":5}},"type":"if","locations":[{"start":{"line":35,"column":4},"end":{"line":38,"column":5}},{"start":{},"end":{}}]},"1":{"loc":{"start":{"line":61,"column":2},"end":{"line":63,"column":3}},"type":"if","locations":[{"start":{"line":61,"column":2},"end":{"line":63,"column":3}},{"start":{},"end":{}}]}},"s":{"0":3,"1":3,"2":3,"3":11,"4":11,"5":11,"6":3,"7":3,"8":11,"9":1,"10":1,"11":11,"12":0,"13":0,"14":0,"15":0,"16":11,"17":0,"18":11,"19":3,"20":3,"21":10,"22":9,"23":2,"24":7,"25":3},"f":{"0":11,"1":3,"2":3,"3":1,"4":0,"5":0,"6":0,"7":10},"b":{"0":[0,0],"1":[2,7]}}
,"D:\\UCC2\\integracion_continua\\src\\routes\\AppRoutes.tsx": {"path":"D:\\UCC2\\integracion_continua\\src\\routes\\AppRoutes.tsx","statementMap":{"0":{"start":{"line":11,"column":0},"end":{"line":11,"column":24}},"1":{"start":{"line":1,"column":0},"end":{"line":1,"column":49}},"2":{"start":{"line":2,"column":0},"end":{"line":2,"column":42}},"3":{"start":{"line":5,"column":0},"end":{"line":5,"column":41}},"4":{"start":{"line":6,"column":0},"end":{"line":6,"column":49}},"5":{"start":{"line":7,"column":0},"end":{"line":7,"column":49}},"6":{"start":{"line":8,"column":0},"end":{"line":8,"column":53}},"7":{"start":{"line":9,"column":0},"end":{"line":9,"column":57}},"8":{"start":{"line":12,"column":2},"end":{"line":24,"column":4}}},"fnMap":{"0":{"name":"AppRoutes","decl":{"start":{"line":11,"column":24},"end":{"line":11,"column":33}},"loc":{"start":{"line":11,"column":33},"end":{"line":25,"column":1}}}},"branchMap":{},"s":{"0":1,"1":1,"2":1,"3":1,"4":1,"5":1,"6":1,"7":1,"8":1},"f":{"0":1},"b":{}}
,"D:\\UCC2\\integracion_continua\\src\\views\\GloboTerraqueo.tsx": {"path":"D:\\UCC2\\integracion_continua\\src\\views\\GloboTerraqueo.tsx","statementMap":{"0":{"start":{"line":4,"column":0},"end":{"line":4,"column":24}},"1":{"start":{"line":1,"column":0},"end":{"line":1,"column":48}},"2":{"start":{"line":2,"column":0},"end":{"line":2,"column":52}},"3":{"start":{"line":5,"column":2},"end":{"line":194,"column":4}}},"fnMap":{"0":{"name":"GloboTerraqueo","decl":{"start":{"line":4,"column":24},"end":{"line":4,"column":38}},"loc":{"start":{"line":4,"column":38},"end":{"line":195,"column":1}}}},"branchMap":{},"s":{"0":2,"1":2,"2":2,"3":16},"f":{"0":16},"b":{}}
,"D:\\UCC2\\integracion_continua\\src\\views\\HomePage.tsx": {"path":"D:\\UCC2\\integracion_continua\\src\\views\\HomePage.tsx","statementMap":{"0":{"start":{"line":5,"column":0},"end":{"line":5,"column":24}},"1":{"start":{"line":1,"column":0},"end":{"line":1,"column":39}},"2":{"start":{"line":2,"column":0},"end":{"line":2,"column":40}},"3":{"start":{"line":3,"column":0},"end":{"line":3,"column":64}},"4":{"start":{"line":6,"column":2},"end":{"line":112,"column":4}}},"fnMap":{"0":{"name":"HomeContent","decl":{"start":{"line":5,"column":24},"end":{"line":5,"column":35}},"loc":{"start":{"line":5,"column":35},"end":{"line":113,"column":1}}}},"branchMap":{},"s":{"0":1,"1":1,"2":1,"3":1,"4":1},"f":{"0":1},"b":{}}
,"D:\\UCC2\\integracion_continua\\src\\views\\MapaColombia.tsx": {"path":"D:\\UCC2\\integracion_continua\\src\\views\\MapaColombia.tsx","statementMap":{"0":{"start":{"line":3,"column":0},"end":{"line":3,"column":24}},"1":{"start":{"line":1,"column":0},"end":{"line":1,"column":46}},"2":{"start":{"line":4,"column":2},"end":{"line":58,"column":4}}},"fnMap":{"0":{"name":"MapaColombia","decl":{"start":{"line":3,"column":24},"end":{"line":3,"column":36}},"loc":{"start":{"line":3,"column":36},"end":{"line":59,"column":1}}}},"branchMap":{},"s":{"0":2,"1":2,"2":4},"f":{"0":4},"b":{}}
,"D:\\UCC2\\integracion_continua\\src\\views\\SimulacionRobots.tsx": {"path":"D:\\UCC2\\integracion_continua\\src\\views\\SimulacionRobots.tsx","statementMap":{"0":{"start":{"line":3,"column":0},"end":{"line":3,"column":24}},"1":{"start":{"line":1,"column":0},"end":{"line":1,"column":58}},"2":{"start":{"line":4,"column":2},"end":{"line":10,"column":4}}},"fnMap":{"0":{"name":"SimulacionRobots","decl":{"start":{"line":3,"column":24},"end":{"line":3,"column":40}},"loc":{"start":{"line":3,"column":40},"end":{"line":11,"column":1}}}},"branchMap":{},"s":{"0":2,"1":2,"2":4},"f":{"0":4},"b":{}}
,"D:\\UCC2\\integracion_continua\\src\\views\\SistemaSolar.tsx": {"path":"D:\\UCC2\\integracion_continua\\src\\views\\SistemaSolar.tsx","statementMap":{"0":{"start":{"line":3,"column":0},"end":{"line":3,"column":24}},"1":{"start":{"line":1,"column":0},"end":{"line":1,"column":64}},"2":{"start":{"line":4,"column":2},"end":{"line":12,"column":4}}},"fnMap":{"0":{"name":"SistemaSolar","decl":{"start":{"line":3,"column":24},"end":{"line":3,"column":36}},"loc":{"start":{"line":3,"column":36},"end":{"line":13,"column":1}}}},"branchMap":{},"s":{"0":2,"1":2,"2":4},"f":{"0":4},"b":{}}
}
