TN:
SF:src\App.tsx
FN:4,App
FNF:1
FNH:1
FNDA:1,App
DA:1,1
DA:2,1
DA:5,1
DA:12,1
LF:4
LH:4
BRF:0
BRH:0
end_of_record
TN:
SF:src\components\CesiumGlobe.tsx
FN:9,CesiumGlobe
FN:13,(anonymous_10)
FN:37,(anonymous_11)
FN:86,(anonymous_12)
FN:110,(anonymous_13)
FNF:5
FNH:5
FNDA:16,CesiumGlobe
FNDA:16,(anonymous_10)
FNDA:16,(anonymous_11)
FNDA:16,(anonymous_12)
FNDA:16,(anonymous_13)
DA:1,2
DA:2,2
DA:3,2
DA:9,2
DA:10,16
DA:11,16
DA:13,16
DA:14,16
DA:17,16
DA:20,16
DA:23,16
DA:37,16
DA:38,16
DA:39,16
DA:40,16
DA:41,16
DA:43,0
DA:44,0
DA:45,0
DA:53,16
DA:54,16
DA:55,16
DA:57,16
DA:58,16
DA:59,16
DA:60,16
DA:62,16
DA:63,16
DA:66,16
DA:67,16
DA:68,16
DA:72,16
DA:75,16
DA:76,16
DA:79,16
DA:83,16
DA:86,16
DA:87,16
DA:88,16
DA:93,16
DA:94,16
DA:96,16
DA:98,0
DA:101,0
DA:107,16
DA:110,16
DA:111,16
DA:112,16
DA:113,16
DA:118,16
LF:50
LH:45
BRDA:9,0,0,16
BRDA:14,1,0,0
BRDA:14,1,1,16
BRDA:57,2,0,16
BRDA:57,2,1,0
BRDA:58,3,0,16
BRDA:58,3,1,0
BRDA:59,4,0,16
BRDA:59,4,1,0
BRDA:60,5,0,16
BRDA:60,5,1,0
BRDA:62,6,0,16
BRDA:62,6,1,0
BRDA:67,7,0,16
BRDA:67,7,1,0
BRDA:67,8,0,16
BRDA:67,8,1,16
BRDA:111,9,0,16
BRDA:111,9,1,0
BRF:19
BRH:11
end_of_record
TN:
SF:src\components\Layout.tsx
FN:6,Layout
FN:16,(anonymous_2)
FN:23,(anonymous_3)
FN:30,(anonymous_4)
FNF:4
FNH:1
FNDA:1,Layout
FNDA:0,(anonymous_2)
FNDA:0,(anonymous_3)
FNDA:0,(anonymous_4)
DA:1,1
DA:2,1
DA:3,1
DA:4,1
DA:6,1
DA:7,1
DA:9,1
DA:16,0
DA:23,0
DA:30,0
LF:10
LH:7
BRDA:14,0,0,0
BRDA:14,0,1,1
BRDA:20,1,0,1
BRDA:20,1,1,0
BRF:4
BRH:2
end_of_record
TN:
SF:src\components\Navbar.tsx
FN:8,(anonymous_0)
FN:10,(anonymous_1)
FN:21,(anonymous_2)
FNF:3
FNH:2
FNDA:4,(anonymous_0)
FNDA:4,(anonymous_1)
FNDA:0,(anonymous_2)
DA:2,2
DA:8,2
DA:10,4
DA:11,4
DA:12,4
DA:14,4
DA:15,0
DA:16,4
DA:17,0
DA:21,4
DA:22,0
DA:23,0
DA:24,0
DA:26,0
DA:29,4
DA:63,2
LF:16
LH:10
BRDA:14,0,0,0
BRDA:14,0,1,4
BRDA:16,1,0,0
BRDA:16,1,1,4
BRDA:23,2,0,0
BRDA:23,2,1,0
BRF:6
BRH:2
end_of_record
TN:
SF:src\components\RobotSimulator.tsx
FN:41,ExplorerRobot
FN:46,(anonymous_1)
FN:89,RobotArm
FN:94,(anonymous_3)
FN:131,HumanoidRobot
FN:136,(anonymous_5)
FN:182,DroneRobot
FN:189,(anonymous_7)
FN:195,(anonymous_8)
FN:231,RobotSimulator
FN:235,(anonymous_10)
FN:282,(anonymous_11)
FN:306,(anonymous_12)
FN:309,(anonymous_13)
FNF:14
FNH:3
FNDA:0,ExplorerRobot
FNDA:0,(anonymous_1)
FNDA:0,RobotArm
FNDA:0,(anonymous_3)
FNDA:0,HumanoidRobot
FNDA:0,(anonymous_5)
FNDA:0,DroneRobot
FNDA:0,(anonymous_7)
FNDA:0,(anonymous_8)
FNDA:4,RobotSimulator
FNDA:4,(anonymous_10)
FNDA:0,(anonymous_11)
FNDA:16,(anonymous_12)
FNDA:0,(anonymous_13)
DA:1,2
DA:2,2
DA:3,2
DA:4,2
DA:14,2
DA:42,0
DA:43,0
DA:44,0
DA:46,0
DA:47,0
DA:48,0
DA:49,0
DA:51,0
DA:52,0
DA:54,0
DA:55,0
DA:59,0
DA:90,0
DA:91,0
DA:92,0
DA:94,0
DA:95,0
DA:96,0
DA:98,0
DA:99,0
DA:101,0
DA:102,0
DA:106,0
DA:132,0
DA:133,0
DA:134,0
DA:136,0
DA:137,0
DA:138,0
DA:140,0
DA:141,0
DA:143,0
DA:144,0
DA:148,0
DA:183,0
DA:184,0
DA:185,0
DA:186,0
DA:187,0
DA:189,0
DA:190,0
DA:191,0
DA:192,0
DA:194,0
DA:195,0
DA:196,0
DA:201,0
DA:231,2
DA:232,4
DA:233,4
DA:235,4
DA:236,4
DA:238,4
DA:240,0
DA:242,0
DA:244,0
DA:246,0
DA:250,4
DA:282,0
DA:307,16
DA:309,0
LF:66
LH:13
BRDA:47,0,0,0
BRDA:47,0,1,0
BRDA:47,1,0,0
BRDA:47,1,1,0
BRDA:51,2,0,0
BRDA:51,2,1,0
BRDA:51,3,0,0
BRDA:51,3,1,0
BRDA:54,4,0,0
BRDA:54,4,1,0
BRDA:54,5,0,0
BRDA:54,5,1,0
BRDA:95,6,0,0
BRDA:95,6,1,0
BRDA:95,7,0,0
BRDA:95,7,1,0
BRDA:98,8,0,0
BRDA:98,8,1,0
BRDA:98,9,0,0
BRDA:98,9,1,0
BRDA:101,10,0,0
BRDA:101,10,1,0
BRDA:101,11,0,0
BRDA:101,11,1,0
BRDA:137,12,0,0
BRDA:137,12,1,0
BRDA:137,13,0,0
BRDA:137,13,1,0
BRDA:140,14,0,0
BRDA:140,14,1,0
BRDA:140,15,0,0
BRDA:140,15,1,0
BRDA:143,16,0,0
BRDA:143,16,1,0
BRDA:143,17,0,0
BRDA:143,17,1,0
BRDA:190,18,0,0
BRDA:190,18,1,0
BRDA:190,19,0,0
BRDA:190,19,1,0
BRDA:194,20,0,0
BRDA:194,20,1,0
BRDA:196,21,0,0
BRDA:196,21,1,0
BRDA:236,22,0,4
BRDA:236,22,1,0
BRDA:236,22,2,0
BRDA:236,22,3,0
BRDA:236,22,4,0
BRDA:284,23,0,4
BRDA:284,23,1,0
BRDA:289,24,0,4
BRDA:289,24,1,0
BRDA:311,25,0,4
BRDA:311,25,1,12
BRDA:316,26,0,4
BRDA:316,26,1,12
BRDA:317,27,0,4
BRDA:317,27,1,12
BRF:59
BRH:9
end_of_record
TN:
SF:src\components\Sidebar.tsx
FN:18,Sidebar
FN:19,(anonymous_1)
FN:23,(anonymous_2)
FN:24,(anonymous_3)
FNF:4
FNH:3
FNDA:1,Sidebar
FNDA:5,(anonymous_1)
FNDA:0,(anonymous_2)
FNDA:5,(anonymous_3)
DA:1,1
DA:2,1
DA:10,1
DA:18,1
DA:19,1
DA:20,5
DA:23,0
DA:25,5
DA:35,1
LF:9
LH:8
BRDA:27,0,0,1
BRDA:27,0,1,4
BRF:2
BRH:2
end_of_record
TN:
SF:src\components\SolarSystemViewer.tsx
FN:27,OrbitingPlanet
FN:31,(anonymous_1)
FN:50,SolarSystemViewer
FN:80,(anonymous_3)
FN:100,(anonymous_4)
FNF:5
FNH:3
FNDA:0,OrbitingPlanet
FNDA:0,(anonymous_1)
FNDA:4,SolarSystemViewer
FNDA:32,(anonymous_3)
FNDA:32,(anonymous_4)
DA:1,2
DA:2,2
DA:3,2
DA:4,2
DA:16,2
DA:28,0
DA:29,0
DA:31,0
DA:32,0
DA:33,0
DA:37,0
DA:50,2
DA:51,4
DA:81,32
DA:101,32
LF:15
LH:9
BRDA:32,0,0,0
BRDA:32,0,1,0
BRF:2
BRH:0
end_of_record
TN:
SF:src\components\icons.tsx
FN:1,GlobeIcon
FN:22,MapIcon
FN:43,RocketIcon
FN:65,RobotIcon
FN:88,SaturnIcon
FNF:5
FNH:4
FNDA:16,GlobeIcon
FNDA:4,MapIcon
FNDA:0,RocketIcon
FNDA:4,RobotIcon
FNDA:4,SaturnIcon
DA:1,5
DA:2,16
DA:22,5
DA:23,4
DA:43,5
DA:44,0
DA:65,5
DA:66,4
DA:88,5
DA:89,4
LF:10
LH:9
BRDA:1,0,0,0
BRDA:1,1,0,0
BRDA:22,2,0,0
BRDA:22,3,0,0
BRDA:43,4,0,0
BRDA:43,5,0,0
BRDA:65,6,0,0
BRDA:65,7,0,0
BRDA:88,8,0,0
BRDA:88,9,0,0
BRF:10
BRH:0
end_of_record
TN:
SF:src\context\ScoreContext.tsx
FN:21,(anonymous_0)
FN:25,(anonymous_1)
FN:26,(anonymous_2)
FN:29,(anonymous_3)
FN:34,(anonymous_4)
FN:36,(anonymous_5)
FN:41,(anonymous_6)
FN:59,(anonymous_7)
FNF:8
FNH:5
FNDA:11,(anonymous_0)
FNDA:3,(anonymous_1)
FNDA:3,(anonymous_2)
FNDA:1,(anonymous_3)
FNDA:0,(anonymous_4)
FNDA:0,(anonymous_5)
FNDA:0,(anonymous_6)
FNDA:10,(anonymous_7)
DA:1,3
DA:15,3
DA:21,3
DA:22,11
DA:23,11
DA:25,11
DA:26,3
DA:29,11
DA:30,1
DA:31,1
DA:34,11
DA:35,0
DA:36,0
DA:37,0
DA:41,11
DA:42,0
DA:45,11
DA:59,3
DA:60,10
DA:61,9
DA:62,2
DA:64,7
LF:22
LH:18
BRDA:35,0,0,0
BRDA:35,0,1,0
BRDA:61,1,0,2
BRDA:61,1,1,7
BRF:4
BRH:2
end_of_record
TN:
SF:src\routes\AppRoutes.tsx
FN:11,AppRoutes
FNF:1
FNH:1
FNDA:1,AppRoutes
DA:1,1
DA:2,1
DA:5,1
DA:6,1
DA:7,1
DA:8,1
DA:9,1
DA:11,1
DA:12,1
LF:9
LH:9
BRF:0
BRH:0
end_of_record
TN:
SF:src\views\GloboTerraqueo.tsx
FN:4,GloboTerraqueo
FNF:1
FNH:1
FNDA:16,GloboTerraqueo
DA:1,2
DA:2,2
DA:4,2
DA:5,16
LF:4
LH:4
BRF:0
BRH:0
end_of_record
TN:
SF:src\views\HomePage.tsx
FN:5,HomeContent
FNF:1
FNH:1
FNDA:1,HomeContent
DA:1,1
DA:2,1
DA:3,1
DA:5,1
DA:6,1
LF:5
LH:5
BRF:0
BRH:0
end_of_record
TN:
SF:src\views\MapaColombia.tsx
FN:3,MapaColombia
FNF:1
FNH:1
FNDA:4,MapaColombia
DA:1,2
DA:3,2
DA:4,4
LF:3
LH:3
BRF:0
BRH:0
end_of_record
TN:
SF:src\views\SimulacionRobots.tsx
FN:3,SimulacionRobots
FNF:1
FNH:1
FNDA:4,SimulacionRobots
DA:1,2
DA:3,2
DA:4,4
LF:3
LH:3
BRF:0
BRH:0
end_of_record
TN:
SF:src\views\SistemaSolar.tsx
FN:3,SistemaSolar
FNF:1
FNH:1
FNDA:4,SistemaSolar
DA:1,2
DA:3,2
DA:4,4
LF:3
LH:3
BRF:0
BRH:0
end_of_record
